<?xml version="1.0" encoding="UTF-8"?>
<testng-results skipped="0" failed="0" ignored="0" total="0" passed="0">
  <reporter-output>
  </reporter-output>
  <suite name="Surefire suite" duration-ms="14376" started-at="2022-12-29T12:44:50 UTC" finished-at="2022-12-29T12:45:05 UTC">
    <groups>
    </groups>
    <test name="Surefire test" duration-ms="14376" started-at="2022-12-29T12:44:50 UTC" finished-at="2022-12-29T12:45:05 UTC">
    </test> <!-- Surefire test -->
  </suite> <!-- Surefire suite -->
</testng-results>
